-------------------------------------------------------------------------------
Test set: com.fss.AppTest
-------------------------------------------------------------------------------
Tests run: 1, Failures: 1, Errors: 0, Skipped: 0, Time elapsed: 0.071 s <<< FAILURE! - in com.fss.AppTest
shouldAnswerWithTrue(com.fss.AppTest)  Time elapsed: 0.013 s  <<< FAILURE!
java.lang.AssertionError
	at com.fss.AppTest.shouldAnswerWithTrue(AppTest.java:21)

